<?xml version="1.0" encoding="UTF-8" standalone="yes" ?>
<test-results name="C:\Projects\SrPolezi\Formacao-Delphi-Embarcadero-2026\Essentials\Aula_02\Testes Unitários\Win32\Debug\ConversorMoedasTestes.exe" total="3" errors="0" failures="2" ignored="0" inconclusive="0" not-run="0" skipped="0" invalid="0" date="2026-05-02" time="09:18:52">
  <culture-info current-culture="en" current-uiculture="en" />
  <test-suite type="Assembly" name="ConversorMoedasTestes.exe" executed="true" result="Failure" success="False" time="09:18:52" asserts="0">
    <results>
        <test-suite type="Namespace" name="Model" executed="true" result="Failure" success="False" time="0.029" asserts="0" >
          <results>
              <test-suite type="Fixture" name="TMyTestObject" executed="True" result="Failure" success="False" time="0.029" >
                <results>
                  <test-case name="ConverteReal" executed="True" result="Success" success="True" time="0.000" asserts="0" />
                  <test-case name="ConverteDolar" executed="True" result="Failure" success="False" time="0.026" asserts="0" >
                    <failure>
                      <message>
                        <![CDATA[ Expected [2] but got [49,8] ]]>
                      </message>
                      <stack-trace>
                        <![CDATA[  ]]>
                      </stack-trace>
                    </failure>
                  </test-case>
                  <test-case name="ConversaoParametrizada.ConverteNegativosReal" executed="True" result="Failure" success="False" time="0.001" asserts="0" >
                    <failure>
                      <message>
                        <![CDATA[ Method did not throw any exceptions.
Valor a converter não poderá ser negativo ]]>
                      </message>
                      <stack-trace>
                        <![CDATA[  ]]>
                      </stack-trace>
                    </failure>
                  </test-case>
                </results>
              </test-suite>
          </results>
        </test-suite>
    </results>
  </test-suite>
</test-results>
